<?xml version="1.0" encoding="UTF-8"?>
<!-- Generated by org.testng.reporters.JUnitReportReporter -->
<testsuite skipped="0" hostname="ATMECSINLT-087" name="com.atmecsautomation.testscripts.HomePage" tests="33" failures="0" timestamp="26 Sep 2019 14:06:17 GMT" time="27.367" errors="0">
  <testcase name="isRedirectionPage" time="0.047" classname="com.atmecsautomation.testscripts.HomePage"/>
  <testcase name="homePageFooter" time="0.344" classname="com.atmecsautomation.testscripts.HomePage"/>
  <testcase name="homePageFooter" time="0.460" classname="com.atmecsautomation.testscripts.HomePage"/>
  <testcase name="homePageFooter" time="0.345" classname="com.atmecsautomation.testscripts.HomePage"/>
  <testcase name="homePageFooter" time="0.355" classname="com.atmecsautomation.testscripts.HomePage"/>
  <testcase name="aboutUsFooter" time="0.376" classname="com.atmecsautomation.testscripts.HomePage"/>
  <testcase name="aboutUsFooter" time="0.378" classname="com.atmecsautomation.testscripts.HomePage"/>
  <testcase name="aboutUsFooter" time="3.811" classname="com.atmecsautomation.testscripts.HomePage"/>
  <testcase name="aboutUsFooter" time="0.370" classname="com.atmecsautomation.testscripts.HomePage"/>
  <testcase name="servicesFooter" time="0.333" classname="com.atmecsautomation.testscripts.HomePage"/>
  <testcase name="servicesFooter" time="0.319" classname="com.atmecsautomation.testscripts.HomePage"/>
  <testcase name="servicesFooter" time="0.281" classname="com.atmecsautomation.testscripts.HomePage"/>
  <testcase name="servicesFooter" time="3.417" classname="com.atmecsautomation.testscripts.HomePage"/>
  <testcase name="partnersFooter" time="0.351" classname="com.atmecsautomation.testscripts.HomePage"/>
  <testcase name="partnersFooter" time="3.052" classname="com.atmecsautomation.testscripts.HomePage"/>
  <testcase name="partnersFooter" time="0.347" classname="com.atmecsautomation.testscripts.HomePage"/>
  <testcase name="partnersFooter" time="0.297" classname="com.atmecsautomation.testscripts.HomePage"/>
  <testcase name="mediaFooter" time="0.284" classname="com.atmecsautomation.testscripts.HomePage"/>
  <testcase name="mediaFooter" time="1.068" classname="com.atmecsautomation.testscripts.HomePage"/>
  <testcase name="mediaFooter" time="0.279" classname="com.atmecsautomation.testscripts.HomePage"/>
  <testcase name="mediaFooter" time="0.266" classname="com.atmecsautomation.testscripts.HomePage"/>
  <testcase name="insightsFooter" time="0.282" classname="com.atmecsautomation.testscripts.HomePage"/>
  <testcase name="insightsFooter" time="0.282" classname="com.atmecsautomation.testscripts.HomePage"/>
  <testcase name="insightsFooter" time="1.092" classname="com.atmecsautomation.testscripts.HomePage"/>
  <testcase name="insightsFooter" time="0.298" classname="com.atmecsautomation.testscripts.HomePage"/>
  <testcase name="careersFooter" time="3.644" classname="com.atmecsautomation.testscripts.HomePage"/>
  <testcase name="careersFooter" time="0.298" classname="com.atmecsautomation.testscripts.HomePage"/>
  <testcase name="careersFooter" time="0.293" classname="com.atmecsautomation.testscripts.HomePage"/>
  <testcase name="careersFooter" time="0.312" classname="com.atmecsautomation.testscripts.HomePage"/>
  <testcase name="contactUsFooter" time="3.193" classname="com.atmecsautomation.testscripts.HomePage"/>
  <testcase name="contactUsFooter" time="0.294" classname="com.atmecsautomation.testscripts.HomePage"/>
  <testcase name="contactUsFooter" time="0.301" classname="com.atmecsautomation.testscripts.HomePage"/>
  <testcase name="contactUsFooter" time="0.298" classname="com.atmecsautomation.testscripts.HomePage"/>
</testsuite> <!-- com.atmecsautomation.testscripts.HomePage -->
